{
  "0 debug pnpm:scope": {
    "selected": 1
  },
  "1 error pnpm": {
    "code": "ELIFECYCLE",
    "errno": "ENOENT",
    "syscall": "spawn",
    "file": "sh",
    "pkgid": "client@0.1.0",
    "stage": "serve",
    "script": "vue-cli-service serve",
    "pkgname": "client",
    "err": {
      "name": "pnpm",
      "message": "client@0.1.0 serve: `vue-cli-service serve`\nspawn ENOENT",
      "code": "ELIFECYCLE",
      "stack": "pnpm: client@0.1.0 serve: `vue-cli-service serve`\nspawn ENOENT\n    at ChildProcess.<anonymous> (/home/daaronch/.nvm/versions/node/v16.13.0/lib/node_modules/pnpm/dist/pnpm.cjs:91354:22)\n    at ChildProcess.emit (node:events:390:28)\n    at maybeClose (node:internal/child_process:1064:16)\n    at Process.ChildProcess._handle.onexit (node:internal/child_process:301:5)"
    }
  },
  "2 warn pnpm:global": " Local package.json exists, but node_modules missing, did you mean to install?"
}